<?xml version="1.0" encoding="UTF-8"?>
<!-- Generated by org.testng.reporters.JUnitReportReporter -->
<testsuite hostname="WIN-46969103703" failures="0" tests="1" name="codingchallenges.Tests" time="4.103" errors="0" timestamp="2023-04-09T14:13:46 IST" skipped="0">
  <testcase classname="codingchallenges.Tests" name="getUser" time="4.103"/>
  <system-out/>
</testsuite> <!-- codingchallenges.Tests -->
