<?xml version="1.0" encoding="UTF-8"?>
<!-- Generated by org.testng.reporters.JUnitReportReporter -->
<testsuite hostname="WIN-46969103703" failures="0" tests="1" name="codingchallenges.Codes" time="0.017" errors="0" timestamp="2023-04-09T18:16:07 IST" skipped="0">
  <testcase classname="codingchallenges.Codes" name="buildingNumberAdd" time="0.017"/>
  <system-out/>
</testsuite> <!-- codingchallenges.Codes -->
