<?xml version="1.0" encoding="UTF-8"?>
<!-- Generated by org.testng.reporters.JUnitReportReporter -->
<testsuite hostname="WIN-46969103703" failures="0" tests="1" name="testcases.TestCases" time="2.157" errors="0" timestamp="2023-04-08T14:12:51 IST" skipped="0">
  <testcase classname="testcases.TestCases" name="addUser" time="2.157"/>
  <system-out/>
</testsuite> <!-- testcases.TestCases -->
